<?xml version="1.0" encoding="UTF-8"?>
<!-- Generated by org.testng.reporters.JUnitReportReporter -->
<testsuite hostname="Sairam-PC" failures="0" tests="1" name="bh2testng.Log4j1Ex" time="0.359" errors="0" timestamp="01 Sep 2018 08:36:19 GMT" skipped="0">
  <testcase classname="bh2testng.Log4j1Ex" name="log" time="0.359"/>
</testsuite> <!-- bh2testng.Log4j1Ex -->
