<?xml version="1.0" encoding="UTF-8"?>
<!-- Generated by org.testng.reporters.JUnitReportReporter -->
<testsuite hostname="Sairam-PC" failures="0" tests="1" name="bh2testng.Log4j" time="0.329" errors="0" timestamp="01 Sep 2018 10:10:32 GMT" skipped="0">
  <testcase classname="bh2testng.Log4j" name="logs" time="0.329"/>
</testsuite> <!-- bh2testng.Log4j -->
