<?xml version="1.0" encoding="UTF-8"?>
<!-- Generated by org.testng.reporters.JUnitReportReporter -->
<testsuite hostname="Sairam-PC" failures="0" tests="1" name="bh2testng.Looog" time="0.047" errors="0" timestamp="01 Sep 2018 09:55:37 GMT" skipped="0">
  <testcase classname="bh2testng.Looog" name="log" time="0.047"/>
</testsuite> <!-- bh2testng.Looog -->
