<?xml version="1.0" encoding="UTF-8"?>
<!-- Generated by org.testng.reporters.JUnitReportReporter -->
<testsuite hostname="Sairam-PC" failures="0" tests="1" name="bh2testng.Log" time="0.031" errors="0" timestamp="01 Sep 2018 09:34:38 GMT" skipped="0">
  <testcase classname="bh2testng.Log" name="log" time="0.031"/>
</testsuite> <!-- bh2testng.Log -->
